2023-03-09 10:02:26.255 | INFO     | perpetual_pub_sub:run_in_background_async:96 - Starting perpetual pub sub process on pid 32116, tid 29316
2023-03-09 10:02:26.256 | INFO     | perpetual_pub_sub:run_in_background_async:155 - Connecting to redis
2023-03-09 10:02:26.258 | DEBUG    | perpetual_pub_sub:run_in_background_async:193 - PerpetualPubSub received subscribe request for updater-ZvSTpa_L_R2r8FzAGCQstw on updates:websocket
2023-03-09 10:02:26.259 | DEBUG    | perpetual_pub_sub:run_in_background_async:225 - Successfully sent ready message to updater-ZvSTpa_L_R2r8FzAGCQstw
2023-03-09 10:02:26.260 | DEBUG    | perpetual_pub_sub:run_in_background_async:238 - PerpetualPubSub subscribing to updates:websocket
2023-03-09 10:02:26.264 | DEBUG    | perpetual_pub_sub:run_in_background_async:193 - PerpetualPubSub received subscribe request for interactive_prompt_meta-JpbKIcbpBOTV7ZFO7fIreg on ps:interactive_prompts:meta:purge
2023-03-09 10:02:26.265 | DEBUG    | perpetual_pub_sub:run_in_background_async:225 - Successfully sent ready message to interactive_prompt_meta-JpbKIcbpBOTV7ZFO7fIreg
2023-03-09 10:02:26.266 | DEBUG    | perpetual_pub_sub:run_in_background_async:238 - PerpetualPubSub subscribing to ps:interactive_prompts:meta:purge
2023-03-09 13:37:38.564 | INFO     | updater:listen_forever:108 - updater shutdown
2023-03-09 13:37:38.568 | DEBUG    | perpetual_pub_sub:run_in_background_async:409 - PerpetualPubSub detected interrupt
2023-03-09 13:37:38.570 | INFO     | perpetual_pub_sub:shutdown_cleanly:131 - PerpetualPubSub beginning clean shutdown
2023-03-09 13:37:38.571 | DEBUG    | perpetual_pub_sub:shutdown_cleanly:138 - could not send closed to updater-ZvSTpa_L_R2r8FzAGCQstw (broken pipe)
2023-03-09 13:37:38.572 | DEBUG    | perpetual_pub_sub:shutdown_cleanly:136 - sent closed to interactive_prompt_meta-JpbKIcbpBOTV7ZFO7fIreg on ps:interactive_prompts:meta:purge
2023-03-09 13:37:38.573 | DEBUG    | perpetual_pub_sub:shutdown_cleanly:144 - PerpetualPubSub sent closed events successfully, joining exit event thread
2023-03-09 13:37:38.575 | INFO     | perpetual_pub_sub:shutdown_cleanly:149 - PerpetualPubSub clean shutdown complete
2023-03-09 13:37:38.576 | INFO     | perpetual_pub_sub:run_in_background_async:414 - PerpetualPubSub shutting down
2023-03-10 05:21:44.688 | INFO     | perpetual_pub_sub:run_in_background_async:96 - Starting perpetual pub sub process on pid 19892, tid 5904
2023-03-10 05:21:44.689 | INFO     | perpetual_pub_sub:run_in_background_async:155 - Connecting to redis
2023-03-10 05:21:44.690 | DEBUG    | perpetual_pub_sub:run_in_background_async:193 - PerpetualPubSub received subscribe request for updater-NlzxarVqVnqr63iUTJspYQ on updates:websocket
2023-03-10 05:21:44.691 | DEBUG    | perpetual_pub_sub:run_in_background_async:225 - Successfully sent ready message to updater-NlzxarVqVnqr63iUTJspYQ
2023-03-10 05:21:44.692 | DEBUG    | perpetual_pub_sub:run_in_background_async:238 - PerpetualPubSub subscribing to updates:websocket
2023-03-10 05:21:44.698 | DEBUG    | perpetual_pub_sub:run_in_background_async:193 - PerpetualPubSub received subscribe request for interactive_prompt_meta-GmdiA2YcypN5CrAJo6J6Lg on ps:interactive_prompts:meta:purge
2023-03-10 05:21:44.700 | DEBUG    | perpetual_pub_sub:run_in_background_async:225 - Successfully sent ready message to interactive_prompt_meta-GmdiA2YcypN5CrAJo6J6Lg
2023-03-10 05:21:44.702 | DEBUG    | perpetual_pub_sub:run_in_background_async:238 - PerpetualPubSub subscribing to ps:interactive_prompts:meta:purge
2023-03-10 16:55:06.751 | DEBUG    | perpetual_pub_sub:run_in_background_async:409 - PerpetualPubSub detected interrupt
2023-03-10 16:55:06.756 | INFO     | perpetual_pub_sub:shutdown_cleanly:131 - PerpetualPubSub beginning clean shutdown
2023-03-10 16:55:06.758 | DEBUG    | perpetual_pub_sub:shutdown_cleanly:136 - sent closed to updater-NlzxarVqVnqr63iUTJspYQ on updates:websocket
2023-03-10 16:55:06.760 | DEBUG    | perpetual_pub_sub:shutdown_cleanly:136 - sent closed to interactive_prompt_meta-GmdiA2YcypN5CrAJo6J6Lg on ps:interactive_prompts:meta:purge
2023-03-10 16:55:06.761 | DEBUG    | perpetual_pub_sub:shutdown_cleanly:144 - PerpetualPubSub sent closed events successfully, joining exit event thread
2023-03-10 16:55:06.763 | INFO     | perpetual_pub_sub:shutdown_cleanly:149 - PerpetualPubSub clean shutdown complete
2023-03-10 16:55:06.764 | INFO     | perpetual_pub_sub:run_in_background_async:414 - PerpetualPubSub shutting down
2023-03-10 16:55:06.768 | INFO     | updater:listen_forever:108 - updater shutdown
2023-03-11 05:54:32.819 | INFO     | perpetual_pub_sub:run_in_background_async:96 - Starting perpetual pub sub process on pid 28928, tid 11916
2023-03-11 05:54:32.821 | INFO     | perpetual_pub_sub:run_in_background_async:155 - Connecting to redis
2023-03-11 05:54:32.822 | DEBUG    | perpetual_pub_sub:run_in_background_async:193 - PerpetualPubSub received subscribe request for updater-snjDmOS3t7gKmgMbfOKBIw on updates:websocket
2023-03-11 05:54:32.823 | DEBUG    | perpetual_pub_sub:run_in_background_async:225 - Successfully sent ready message to updater-snjDmOS3t7gKmgMbfOKBIw
2023-03-11 05:54:32.824 | DEBUG    | perpetual_pub_sub:run_in_background_async:238 - PerpetualPubSub subscribing to updates:websocket
2023-03-11 05:54:37.166 | INFO     | perpetual_pub_sub:run_in_background_async:155 - Connecting to redis
2023-03-11 05:54:37.168 | DEBUG    | perpetual_pub_sub:run_in_background_async:160 - Resubscribing to updates:websocket
2023-03-11 05:56:14.179 | INFO     | updater:listen_forever:108 - updater shutdown
2023-03-11 05:56:14.180 | DEBUG    | perpetual_pub_sub:run_in_background_async:409 - PerpetualPubSub detected interrupt
2023-03-11 05:56:14.182 | INFO     | perpetual_pub_sub:shutdown_cleanly:131 - PerpetualPubSub beginning clean shutdown
2023-03-11 05:56:14.183 | DEBUG    | perpetual_pub_sub:shutdown_cleanly:138 - could not send closed to updater-snjDmOS3t7gKmgMbfOKBIw (broken pipe)
2023-03-11 05:56:14.184 | DEBUG    | perpetual_pub_sub:shutdown_cleanly:144 - PerpetualPubSub sent closed events successfully, joining exit event thread
2023-03-11 05:56:14.185 | INFO     | perpetual_pub_sub:shutdown_cleanly:149 - PerpetualPubSub clean shutdown complete
2023-03-11 05:56:14.186 | INFO     | perpetual_pub_sub:run_in_background_async:414 - PerpetualPubSub shutting down
2023-03-11 05:56:17.050 | INFO     | perpetual_pub_sub:run_in_background_async:96 - Starting perpetual pub sub process on pid 33316, tid 15992
2023-03-11 05:56:17.051 | INFO     | perpetual_pub_sub:run_in_background_async:155 - Connecting to redis
2023-03-11 05:56:17.053 | DEBUG    | perpetual_pub_sub:run_in_background_async:193 - PerpetualPubSub received subscribe request for updater-PX6GKl_Iqjd2VaC4eW7B8A on updates:websocket
2023-03-11 05:56:17.054 | DEBUG    | perpetual_pub_sub:run_in_background_async:225 - Successfully sent ready message to updater-PX6GKl_Iqjd2VaC4eW7B8A
2023-03-11 05:56:17.055 | DEBUG    | perpetual_pub_sub:run_in_background_async:238 - PerpetualPubSub subscribing to updates:websocket
2023-03-11 05:56:17.059 | DEBUG    | perpetual_pub_sub:run_in_background_async:193 - PerpetualPubSub received subscribe request for interactive_prompt_meta-Vaql5zmjWtSAOs5uQX5hvA on ps:interactive_prompts:meta:purge
2023-03-11 05:56:17.060 | DEBUG    | perpetual_pub_sub:run_in_background_async:225 - Successfully sent ready message to interactive_prompt_meta-Vaql5zmjWtSAOs5uQX5hvA
2023-03-11 05:56:17.062 | DEBUG    | perpetual_pub_sub:run_in_background_async:238 - PerpetualPubSub subscribing to ps:interactive_prompts:meta:purge
